[0308/235416:WARNING:resource_bundle.cc(304)] locale_file_path.empty()
[0308/235416:ERROR:main_delegate.cc(564)] Could not load locale pak for en-US
[0308/235416:ERROR:main_delegate.cc(571)] Could not load cef.pak
[0308/235416:ERROR:main_delegate.cc(588)] Could not load cef_100_percent.pak
[0308/235416:WARNING:resource_bundle.cc(497)] locale resources are not loaded
[0308/235416:WARNING:resource_bundle.cc(304)] locale_file_path.empty()
[0308/235416:ERROR:main_delegate.cc(564)] Could not load locale pak for en-US
[0308/235416:ERROR:main_delegate.cc(571)] Could not load cef.pak
[0308/235416:ERROR:main_delegate.cc(588)] Could not load cef_100_percent.pak
[0308/235418:WARNING:resource_bundle.cc(304)] locale_file_path.empty()
[0308/235418:ERROR:main_delegate.cc(564)] Could not load locale pak for en-US
[0308/235418:ERROR:main_delegate.cc(571)] Could not load cef.pak
[0308/235418:ERROR:main_delegate.cc(588)] Could not load cef_100_percent.pak
[0308/235418:ERROR:renderer_main.cc(207)] Running without renderer sandbox
[0308/235418:WARNING:resource_bundle.cc(304)] locale_file_path.empty()
[0308/235418:ERROR:main_delegate.cc(564)] Could not load locale pak for en-US
[0308/235418:ERROR:main_delegate.cc(571)] Could not load cef.pak
[0308/235418:ERROR:main_delegate.cc(588)] Could not load cef_100_percent.pak
[0308/235418:ERROR:renderer_main.cc(207)] Running without renderer sandbox
[0308/235421:WARNING:resource_bundle.cc(304)] locale_file_path.empty()
[0308/235421:ERROR:main_delegate.cc(564)] Could not load locale pak for en-US
[0308/235421:ERROR:main_delegate.cc(571)] Could not load cef.pak
[0308/235421:ERROR:main_delegate.cc(588)] Could not load cef_100_percent.pak
[0308/235421:WARNING:resource_bundle.cc(497)] locale resources are not loaded
[0308/235421:WARNING:resource_bundle.cc(304)] locale_file_path.empty()
[0308/235421:ERROR:main_delegate.cc(564)] Could not load locale pak for en-US
[0308/235421:ERROR:main_delegate.cc(571)] Could not load cef.pak
[0308/235421:ERROR:main_delegate.cc(588)] Could not load cef_100_percent.pak
[0308/235423:WARNING:resource_bundle.cc(304)] locale_file_path.empty()
[0308/235423:ERROR:main_delegate.cc(564)] Could not load locale pak for en-US
[0308/235423:ERROR:main_delegate.cc(571)] Could not load cef.pak
[0308/235423:ERROR:main_delegate.cc(588)] Could not load cef_100_percent.pak
[0308/235423:ERROR:renderer_main.cc(207)] Running without renderer sandbox
[0308/235423:WARNING:resource_bundle.cc(304)] locale_file_path.empty()
[0308/235423:ERROR:main_delegate.cc(564)] Could not load locale pak for en-US
[0308/235423:ERROR:main_delegate.cc(571)] Could not load cef.pak
[0308/235423:ERROR:main_delegate.cc(588)] Could not load cef_100_percent.pak
[0308/235423:ERROR:renderer_main.cc(207)] Running without renderer sandbox
[0308/235503:WARNING:resource_bundle.cc(304)] locale_file_path.empty()
[0308/235503:ERROR:main_delegate.cc(564)] Could not load locale pak for en-US
[0308/235503:ERROR:main_delegate.cc(571)] Could not load cef.pak
[0308/235503:ERROR:main_delegate.cc(588)] Could not load cef_100_percent.pak
[0308/235503:WARNING:resource_bundle.cc(497)] locale resources are not loaded
[0308/235503:WARNING:resource_bundle.cc(304)] locale_file_path.empty()
[0308/235503:ERROR:main_delegate.cc(564)] Could not load locale pak for en-US
[0308/235503:ERROR:main_delegate.cc(571)] Could not load cef.pak
[0308/235503:ERROR:main_delegate.cc(588)] Could not load cef_100_percent.pak
[0308/235505:WARNING:resource_bundle.cc(304)] locale_file_path.empty()
[0308/235505:ERROR:main_delegate.cc(564)] Could not load locale pak for en-US
[0308/235505:ERROR:main_delegate.cc(571)] Could not load cef.pak
[0308/235505:ERROR:main_delegate.cc(588)] Could not load cef_100_percent.pak
[0308/235505:ERROR:renderer_main.cc(207)] Running without renderer sandbox
[0308/235505:WARNING:resource_bundle.cc(304)] locale_file_path.empty()
[0308/235505:ERROR:main_delegate.cc(564)] Could not load locale pak for en-US
[0308/235505:ERROR:main_delegate.cc(571)] Could not load cef.pak
[0308/235505:ERROR:main_delegate.cc(588)] Could not load cef_100_percent.pak
[0308/235505:ERROR:renderer_main.cc(207)] Running without renderer sandbox
[0308/235508:WARNING:resource_bundle.cc(304)] locale_file_path.empty()
[0308/235508:ERROR:main_delegate.cc(564)] Could not load locale pak for en-US
[0308/235508:ERROR:main_delegate.cc(571)] Could not load cef.pak
[0308/235508:ERROR:main_delegate.cc(588)] Could not load cef_100_percent.pak
[0308/235508:WARNING:resource_bundle.cc(497)] locale resources are not loaded
[0308/235508:WARNING:resource_bundle.cc(304)] locale_file_path.empty()
[0308/235508:ERROR:main_delegate.cc(564)] Could not load locale pak for en-US
[0308/235508:ERROR:main_delegate.cc(571)] Could not load cef.pak
[0308/235508:ERROR:main_delegate.cc(588)] Could not load cef_100_percent.pak
[0308/235510:WARNING:resource_bundle.cc(304)] locale_file_path.empty()
[0308/235510:ERROR:main_delegate.cc(564)] Could not load locale pak for en-US
[0308/235510:ERROR:main_delegate.cc(571)] Could not load cef.pak
[0308/235510:ERROR:main_delegate.cc(588)] Could not load cef_100_percent.pak
[0308/235510:ERROR:renderer_main.cc(207)] Running without renderer sandbox
[0308/235510:WARNING:resource_bundle.cc(304)] locale_file_path.empty()
[0308/235510:ERROR:main_delegate.cc(564)] Could not load locale pak for en-US
[0308/235510:ERROR:main_delegate.cc(571)] Could not load cef.pak
[0308/235510:ERROR:main_delegate.cc(588)] Could not load cef_100_percent.pak
[0308/235510:ERROR:renderer_main.cc(207)] Running without renderer sandbox
[0309/000301:WARNING:resource_bundle.cc(304)] locale_file_path.empty()
[0309/000301:ERROR:main_delegate.cc(564)] Could not load locale pak for en-US
[0309/000301:ERROR:main_delegate.cc(571)] Could not load cef.pak
[0309/000301:ERROR:main_delegate.cc(588)] Could not load cef_100_percent.pak
[0309/000301:WARNING:resource_bundle.cc(497)] locale resources are not loaded
[0309/000301:WARNING:resource_bundle.cc(304)] locale_file_path.empty()
[0309/000301:ERROR:main_delegate.cc(564)] Could not load locale pak for en-US
[0309/000301:ERROR:main_delegate.cc(571)] Could not load cef.pak
[0309/000301:ERROR:main_delegate.cc(588)] Could not load cef_100_percent.pak
[0309/000303:WARNING:resource_bundle.cc(304)] locale_file_path.empty()
[0309/000303:ERROR:main_delegate.cc(564)] Could not load locale pak for en-US
[0309/000303:ERROR:main_delegate.cc(571)] Could not load cef.pak
[0309/000303:ERROR:main_delegate.cc(588)] Could not load cef_100_percent.pak
[0309/000303:ERROR:renderer_main.cc(207)] Running without renderer sandbox
[0309/000405:WARNING:resource_bundle.cc(304)] locale_file_path.empty()
[0309/000405:ERROR:main_delegate.cc(564)] Could not load locale pak for en-US
[0309/000405:ERROR:main_delegate.cc(571)] Could not load cef.pak
[0309/000405:ERROR:main_delegate.cc(588)] Could not load cef_100_percent.pak
[0309/000405:ERROR:renderer_main.cc(207)] Running without renderer sandbox
[0309/000405:WARNING:resource_bundle.cc(304)] locale_file_path.empty()
[0309/000405:ERROR:main_delegate.cc(564)] Could not load locale pak for en-US
[0309/000405:ERROR:main_delegate.cc(571)] Could not load cef.pak
[0309/000405:ERROR:main_delegate.cc(588)] Could not load cef_100_percent.pak
[0309/000405:ERROR:renderer_main.cc(207)] Running without renderer sandbox
